Flutter crash report.
Please report a bug at https://github.com/flutter/flutter/issues.

## command

flutter --no-color run --machine --track-widget-creation --device-id=chrome --start-paused --dart-define=flutter.inspector.structuredErrors=true lib\main.dart

## exception

OutOfMemoryError: Out of Memory

```
#0      new Uint8List (dart:typed_data-patch/typed_data_patch.dart:2305:3)
#1      _File.readAsBytesSync (dart:io/file_impl.dart:589:16)
#2      ForwardingFile.readAsBytesSync (package:file/src/forwarding/forwarding_file.dart:91:43)
#3      ForwardingFile.readAsBytesSync (package:file/src/forwarding/forwarding_file.dart:91:43)
#4      WebMemoryFS.write (package:flutter_tools/src/web/memory_fs.dart:34:42)
#5      WebDevFS.update (package:flutter_tools/src/isolated/devfs_web.dart:1046:45)
#6      _rootRunUnary (dart:async/zone.dart:1407:47)
#7      _CustomZone.runUnary (dart:async/zone.dart:1308:19)
#8      _FutureListener.handleValue (dart:async/future_impl.dart:163:18)
#9      Future._propagateToListeners.handleValueCallback (dart:async/future_impl.dart:847:45)
#10     Future._propagateToListeners (dart:async/future_impl.dart:876:13)
#11     Future._completeWithValue (dart:async/future_impl.dart:652:5)
#12     Future._asyncCompleteWithValue.<anonymous closure> (dart:async/future_impl.dart:722:7)
#13     _rootRun (dart:async/zone.dart:1399:13)
#14     _CustomZone.run (dart:async/zone.dart:1301:19)
#15     _CustomZone.runGuarded (dart:async/zone.dart:1209:7)
#16     _CustomZone.bindCallbackGuarded.<anonymous closure> (dart:async/zone.dart:1249:23)
#17     _microtaskLoop (dart:async/schedule_microtask.dart:40:21)
#18     _startMicrotaskLoop (dart:async/schedule_microtask.dart:49:5)
#19     _runPendingImmediateCallback (dart:isolate-patch/isolate_patch.dart:118:13)
#20     _RawReceivePort._handleMessage (dart:isolate-patch/isolate_patch.dart:185:5)
```

## flutter doctor

```
[✓] Flutter (Channel stable, 3.22.3, on Microsoft Windows [Version 10.0.19045.4780], locale en-US)
    • Flutter version 3.22.3 on channel stable at C:\flutter
    • Upstream repository https://github.com/flutter/flutter.git
    • Framework revision b0850beeb2 (5 weeks ago), 2024-07-16 21:43:41 -0700
    • Engine revision 235db911ba
    • Dart version 3.4.4
    • DevTools version 2.34.3

[✓] Windows Version (Installed version of Windows is version 10 or higher)

[✓] Android toolchain - develop for Android devices (Android SDK version 35.0.0)
    • Android SDK at C:/Users/Mano Wasim/AppData/Local/Android/Sdk
    • Platform android-35, build-tools 35.0.0
    • ANDROID_HOME = C:/Users/Mano Wasim/AppData/Local/Android/Sdk
    • Java binary at: C:\Program Files\Android\Android Studio1\jbr\bin\java
    • Java version OpenJDK Runtime Environment (build 17.0.11+0--11852314)
    • All Android licenses accepted.

[✓] Chrome - develop for the web
    • Chrome at C:\Program Files\Google\Chrome\Application\chrome.exe

[✗] Visual Studio - develop Windows apps
    ✗ Visual Studio not installed; this is necessary to develop Windows apps.
      Download at https://visualstudio.microsoft.com/downloads/.
      Please install the "Desktop development with C++" workload, including all of its default components

[✓] Android Studio (version 2024.1)
    • Android Studio at C:\Program Files\Android\Android Studio1
    • Flutter plugin can be installed from:
      🔨 https://plugins.jetbrains.com/plugin/9212-flutter
    • Dart plugin can be installed from:
      🔨 https://plugins.jetbrains.com/plugin/6351-dart
    • Java version OpenJDK Runtime Environment (build 17.0.11+0--11852314)

[✓] Connected device (3 available)
    • Windows (desktop) • windows • windows-x64    • Microsoft Windows [Version 10.0.19045.4780]
    • Chrome (web)      • chrome  • web-javascript • Google Chrome 127.0.6533.120
    • Edge (web)        • edge    • web-javascript • Microsoft Edge 127.0.2651.105

[✓] Network resources
    • All expected network resources are available.

! Doctor found issues in 1 category.
```
